sent (rms=0.041)
[Audio] chunk #2542 sent (rms=0.041)
[Audio] chunk #2543 sent (rms=0.041)
[Audio] chunk #254ESP-ROM:esp32s3-20210327
Build:Mar 27 2021
rst:0x15 (USB_UART_CHIP_RESET),boot:0xa (SPI_FAST_FLASH_BOOT)
Saved PC:0x4037a136
SPIWP:0xee
mode:DIO, clock div:1
load:0x3fce2820,len:0x116c
load:0x403c8700,len:0xc2c
load:0x403cb700,len:0x3108
entry 0x403c88b8

IdeasGlass Ngrok Client
Device ID: ideasglass-devkit-01
Chip MAC: 00:00:00:00:00:00
[WiFi] Connecting...
 -> SSID dd-wrt
....
[WiFi] Connected (dd-wrt, RSSI -43)
IP: 192.168.1.130
[Camera] Ready (framesize=6 quality=12)
[Audio] PDM microphone ready
[Audio] chunk #0 stats: peak=3845 rms=0.0289 first=0 samples=4096
[Camera] Captured photo (2623 bytes)
[Photo] Captured 3500 bytes
[Audio] chunk #1 stats: peak=1901 rms=0.0530 first=1584 samples=4096
[Audio] chunk #2 stats: peak=1947 rms=0.0554 first=1889 samples=4096
[Audio] chunk #3 stats: peak=1926 rms=0.0546 first=1809 samples=4096
[Audio] chunk #0 FAILED (rms=0.029)
[Audio] Send queue full, dropping chunk
[Audio] Send queue full, dropping chunk
[Audio] chunk #1 FAILED (rms=0.053)
[PhotoUpload] WS reconnect failed
[PhotoUpload] WS send failed — dropping frame (no fallback)
[PhotoUpload] send result: FAILED (3500 chars)
[Audio] Send queue full, dropping chunk
[Audio] Send queue full, dropping chunk
[Audio] Send queue full, dropping chunk
[Audio] Send queue full, dropping chunk
[Audio] chunk #2 sent (rms=0.055)
[Audio] chunk #3 sent (rms=0.055)
[Audio] chunk #4 sent (rms=0.054)
[Audio] chunk #5 sent (rms=0.052)
[Audio] chunk #6 sent (rms=0.050)
[Audio] chunk #7 sent (rms=0.045)
[Audio] chunk #10 sent (rms=0.041)
[Audio] chunk #15 sent (rms=0.041)
[Audio] chunk #16 sent (rms=0.041)
[Audio] chunk #17 sent (rms=0.041)
[Audio] chunk #18 sent (rms=0.041)
[Audio] chunk #19 sent (rms=0.041)
[Audio] chunk #20 sent (rms=0.041)
[Audio] chunk #21 sent (rms=0.041)
[Audio] chunk #22 sent (rms=0.041)
[Audio] chunk #23 sent (rms=0.041)
[Audio] chunk #25 stats: peak=1488 rms=0.0408 first=1359 samples=4096
[Audio] chunk #24 sent (rms=0.041)
[Audio] chunk #25 sent (rms=0.041)
[Audio] chunk #26 sent (rms=0.041)
[Audio] chunk #27 sent (rms=0.041)
[Audio] chunk #28 sent (rms=0.041)
[Audio] chunk #29 sent (rms=0.041)
[Audio] chunk #30 sent (rms=0.041)
[Audio] chunk #31 sent (rms=0.041)
[Audio] chunk #32 sent (rms=0.041)
[Audio] chunk #33 sent (rms=0.041)
[Audio] chunk #34 sent (rms=0.041)
[Audio] chunk #35 sent (rms=0.041)
[Audio] chunk #36 sent (rms=0.041)
[Audio] chunk #37 sent (rms=0.041)
[Audio] chunk #38 sent (rms=0.041)
[Audio] chunk #39 sent (rms=0.041)
[Audio] chunk #40 sent (rms=0.041)
[Audio] chunk #41 sent (rms=0.041)
[Audio] chunk #42 sent (rms=0.041)
[Audio] chunk #43 sent (rms=0.041)
[Audio] chunk #44 sent (rms=0.041)
[Audio] chunk #45 sent (rms=0.041)
[Audio] chunk #46 sent (rms=0.041)
[Audio] chunk #47 sent (rms=0.041)
[Audio] chunk #48 sent (rms=0.041)
[Audio] chunk #49 sent (rms=0.041)
[Audio] chunk #50 stats: peak=1435 rms=0.0407 first=1330 samples=4096
[Audio] chunk #50 sent (rms=0.041)
[Audio] chunk #51 sent (rms=0.041)
[Audio] chunk #52 sent (rms=0.041)
[Audio] chunk #53 sent (rms=0.041)
[Audio] chunk #54 sent (rms=0.041)
[Audio] chunk #55 sent (rms=0.041)
[Audio] chunk #56 sent (rms=0.041)
[Audio] chunk #57 sent (rms=0.041)
[Camera] Captured photo (4092 bytes)
[Photo] Captured 5456 bytes
[Audio] chunk #58 sent (rms=0.041)
[Audio] chunk #59 sent (rms=0.041)
[Audio] chunk #60 sent (rms=0.041)
[Audio] chunk #61 sent (rms=0.041)
[Audio] chunk #62 sent (rms=0.041)
[Audio] chunk #63 sent (rms=0.041)
[Audio] chunk #64 sent (rms=0.041)
[Audio] chunk #65 sent (rms=0.041)
[PhotoUpload] WS reconnect failed
[PhotoUpload] WS send failed — dropping frame (no fallback)
[PhotoUpload] send result: FAILED (5456 chars)
[Audio] chunk #66 sent (rms=0.041)
[Audio] chunk #67 sent (rms=0.041)
[Audio] chunk #68 sent (rms=0.041)
[Audio] chunk #69 sent (rms=0.041)
[Audio] chunk #70 sent (rms=0.041)
[Audio] chunk #71 sent (rms=0.041)
[Audio] chunk #72 sent (rms=0.041)
[Audio] chunk #73 sent (rms=0.041)
[Audio] chunk #75 stats: peak=1432 rms=0.0407 first=1323 samples=4096
[Audio] chunk #74 sent (rms=0.041)
[Audio] chunk #75 sent (rms=0.041)
[Audio] chunk #76 sent (rms=0.041)
[Audio] chunk #77 sent (rms=0.041)
[Audio] chunk #78 sent (rms=0.041)
[Audio] chunk #79 sent (rms=0.041)
[Audio] chunk #80 sent (rms=0.041)
[Audio] chunk #81 sent (rms=0.041)
[Audio] chunk #82 sent (rms=0.041)
[Audio] chunk #83 sent (rms=0.041)
[Audio] chunk #84 sent (rms=0.041)
[Audio] chunk #85 sent (rms=0.041)
[Audio] chunk #86 sent (rms=0.041)
[Audio] chunk #87 sent (rms=0.041)
[Audio] chunk #88 sent (rms=0.041)
[Audio] chunk #89 sent (rms=0.041)
[Audio] chunk #90 sent (rms=0.041)
[Audio] chunk #91 sent (rms=0.041)
[Audio] chunk #92 sent (rms=0.041)
[Audio] chunk #93 sent (rms=0.041)
[Audio] chunk #94 sent (rms=0.041)
[Audio] chunk #95 sent (rms=0.041)
[Audio] chunk #96 sent (rms=0.041)
[Audio] chunk #97 sent (rms=0.041)
[Audio] chunk #98 sent (rms=0.041)
[Audio] chunk #99 sent (rms=0.041)
[Audio] chunk #100 stats: peak=1491 rms=0.0407 first=1304 samples=4096
[Audio] chunk #100 sent (rms=0.041)
[Audio] chunk #101 sent (rms=0.041)
[Audio] chunk #102 sent (rms=0.041)
[Audio] chunk #103 sent (rms=0.041)
[Audio] chunk #104 sent (rms=0.041)
[Audio] chunk #105 sent (rms=0.041)
[Audio] chunk #106 sent (rms=0.041)
[Audio] chunk #107 sent (rms=0.041)
[Audio] chunk #108 sent (rms=0.041)
[Audio] chunk #109 sent (rms=0.041)
[Audio] chunk #110 sent (rms=0.041)
[Audio] chunk #111 sent (rms=0.041)
[Audio] chunk #112 sent (rms=0.041)
[Audio] chunk #113 sent (rms=0.041)
[Audio] chunk #114 sent (rms=0.041)
[Audio] chunk #115 sent (rms=0.041)
[Camera] Captured photo (4327 bytes)
[Photo] Captured 5772 bytes
[Audio] chunk #116 sent (rms=0.041)
[Audio] chunk #117 sent (rms=0.041)
[Audio] chunk #118 sent (rms=0.041)
[Audio] chunk #119 sent (rms=0.041)
[Audio] chunk #120 sent (rms=0.041)
[PhotoUpload] send result: OK (5772 chars)
[Audio] chunk #121 sent (rms=0.041)
[Audio] chunk #122 sent (rms=0.041)
[Audio] chunk #123 sent (rms=0.041)
[Audio] chunk #124 sent (rms=0.041)
[Audio] chunk #125 stats: peak=1446 rms=0.0407 first=1305 samples=4096
[Audio] chunk #125 sent (rms=0.041)
[Audio] chunk #126 sent (rms=0.041)
[Audio] chunk #127 sent (rms=0.041)
[Audio] chunk #128 sent (rms=0.041)
[Audio] chunk #129 sent (rms=0.041)
[Audio] chunk #130 sent (rms=0.041)
[Audio] chunk #131 sent (rms=0.041)
[Audio] chunk #132 sent (rms=0.041)
[Audio] chunk #133 sent (rms=0.041)
[Audio] chunk #134 sent (rms=0.041)
[Audio] chunk #135 sent (rms=0.041)
[Audio] chunk #136 sent (rms=0.041)
[Audio] chunk #137 sent (rms=0.041)
[Audio] chunk #138 sent (rms=0.041)
[Audio] chunk #139 sent (rms=0.041)
[Audio] chunk #140 sent (rms=0.041)
[Audio] chunk #141 sent (rms=0.041)
[Audio] chunk #142 sent (rms=0.041)
[Audio] chunk #143 sent (rms=0.041)
[Audio] chunk #144 sent (rms=0.041)
[Audio] chunk #145 sent (rms=0.041)
[Audio] chunk #146 sent (rms=0.041)
[Audio] chunk #147 sent (rms=0.041)
[Audio] chunk #148 sent (rms=0.041)
[Audio] chunk #149 sent (rms=0.041)
[Audio] chunk #150 stats: peak=1443 rms=0.0407 first=1355 samples=4096
[Audio] chunk #150 sent (rms=0.041)
[Audio] chunk #151 sent (rms=0.041)
[Audio] chunk #152 sent (rms=0.041)
[Audio] chunk #153 sent (rms=0.041)
[Audio] chunk #154 sent (rms=0.041)
[Audio] chunk #155 sent (rms=0.041)
[Audio] chunk #156 sent (rms=0.041)
[Audio] chunk #157 sent (rms=0.041)
[Audio] chunk #158 sent (rms=0.041)
[Audio] chunk #159 sent (rms=0.041)
[Audio] chunk #160 sent (rms=0.041)
[Audio] chunk #161 sent (rms=0.041)
[Audio] chunk #162 sent (rms=0.041)
[Audio] chunk #163 sent (rms=0.041)
[Audio] chunk #164 sent (rms=0.041)
[Audio] chunk #165 sent (rms=0.041)
[Audio] chunk #166 sent (rms=0.041)
[Audio] chunk #167 sent (rms=0.041)
[Audio] chunk #168 sent (rms=0.041)
[Audio] chunk #169 sent (rms=0.041)
[Audio] chunk #170 sent (rms=0.041)
[Audio] chunk #171 FAILED (rms=0.041)
[Camera] Captured photo (4327 bytes)
[Photo] Captured 5772 bytes
[Audio] chunk #175 stats: peak=1455 rms=0.0407 first=1375 samples=4096
[PhotoUpload] send result: OK (5772 chars)
[Audio] Send queue full, dropping chunk
[Audio] Send queue full, dropping chunk
[Audio] Send queue full, dropping chunk
[Audio] Send queue full, dropping chunk
[Audio] Send queue full, dropping chunk
[Audio] Send queue full, dropping chunk
[Audio] chunk #172 sent (rms=0.041)
[Audio] chunk #173 sent (rms=0.041)
[Audio] chunk #174 sent (rms=0.041)
[Audio] chunk #175 sent (rms=0.041)
[Audio] chunk #176 sent (rms=0.041)
[Audio] chunk #177 sent (rms=0.041)
[Audio] chunk #178 sent (rms=0.041)
[Audio] chunk #185 sent (rms=0.041)
[Audio] chunk #186 sent (rms=0.041)
[Audio] chunk #187 sent (rms=0.041)
[Audio] chunk #188 sent (rms=0.041)
[Audio] chunk #189 sent (rms=0.041)
[Audio] chunk #190 sent (rms=0.041)
[Audio] chunk #191 sent (rms=0.041)
[Audio] chunk #192 sent (rms=0.041)
[Audio] chunk #193 sent (rms=0.041)
[Audio] chunk #194 sent (rms=0.041)
[Audio] chunk #195 sent (rms=0.041)
[Audio] chunk #196 sent (rms=0.041)
[Audio] chunk #197 sent (rms=0.041)
[Audio] chunk #198 sent (rms=0.041)
[Audio] chunk #199 sent (rms=0.041)
[Audio] chunk #200 stats: peak=1445 rms=0.0407 first=1322 samples=4096
[Audio] chunk #200 sent (rms=0.041)
[Audio] chunk #201 sent (rms=0.041)
[Audio] chunk #202 sent (rms=0.041)
[Audio] chunk #203 sent (rms=0.041)
[Audio] chunk #204 sent (rms=0.041)
[Audio] chunk #205 sent (rms=0.041)
[Audio] chunk #206 sent (rms=0.041)
[Audio] chunk #207 sent (rms=0.041)
[Audio] chunk #208 sent (rms=0.041)
[Audio] chunk #209 sent (rms=0.041)
[Audio] chunk #210 sent (rms=0.041)
[Audio] chunk #211 sent (rms=0.041)
[Audio] chunk #212 sent (rms=0.041)
[Audio] chunk #213 sent (rms=0.041)
[Audio] chunk #214 sent (rms=0.041)
[Audio] chunk #215 sent (rms=0.041)
[Audio] chunk #216 sent (rms=0.041)
[Audio] chunk #217 sent (rms=0.041)
[Audio] chunk #218 sent (rms=0.041)
[Audio] chunk #219 sent (rms=0.041)
[Audio] chunk #220 sent (rms=0.041)
[Audio] chunk #221 sent (rms=0.041)
[Audio] chunk #222 sent (rms=0.041)
[Audio] chunk #223 sent (rms=0.041)
[Audio] chunk #224 sent (rms=0.041)
[Audio] chunk #225 stats: peak=1447 rms=0.0406 first=1297 samples=4096
[Audio] chunk #225 sent (rms=0.041)
[Audio] chunk #226 sent (rms=0.041)
[Audio] chunk #227 sent (rms=0.041)
[Audio] chunk #228 sent (rms=0.041)
[Audio] chunk #229 sent (rms=0.041)
[Audio] chunk #230 sent (rms=0.041)
[Audio] chunk #231 sent (rms=0.041)
[Camera] Captured photo (4327 bytes)
[Photo] Captured 5772 bytes
[Audio] chunk #232 sent (rms=0.041)
[PhotoUpload] send result: OK (5772 chars)
[Audio] chunk #233 sent (rms=0.041)
[Audio] chunk #234 sent (rms=0.041)
[Audio] chunk #235 sent (rms=0.041)
[Audio] chunk #236 sent (rms=0.041)
[Audio] chunk #237 sent (rms=0.041)
[Audio] chunk #238 sent (rms=0.041)
[Audio] chunk #239 sent (rms=0.041)
[Audio] chunk #240 sent (rms=0.041)
[Audio] chunk #241 sent (rms=0.041)
[Audio] chunk #242 sent (rms=0.041)
[Audio] chunk #243 sent (rms=0.041)
[Audio] chunk #244 sent (rms=0.041)
[Audio] chunk #245 sent (rms=0.041)
[Audio] chunk #246 sent (rms=0.041)
[Audio] chunk #247 sent (rms=0.041)
[Audio] chunk #248 sent (rms=0.041)
[Audio] chunk #249 sent (rms=0.041)
[Audio] chunk #250 stats: peak=1456 rms=0.0407 first=1368 samples=4096
[Audio] chunk #250 sent (rms=0.041)
[Audio] chunk #251 sent (rms=0.041)
[Audio] chunk #252 sent (rms=0.041)
[Audio] chunk #253 sent (rms=0.041)
[Audio] chunk #254 sent (rms=0.041)
[Audio] chunk #255 sent (rms=0.041)
[Audio] chunk #256 sent (rms=0.041)
[Audio] chunk #257 sent (rms=0.041)
[Audio] chunk #258 sent (rms=0.041)
[Audio] chunk #259 sent (rms=0.041)
[Audio] chunk #260 sent (rms=0.041)
[Audio] chunk #261 sent (rms=0.041)
[Audio] chunk #262 sent (rms=0.041)
[Audio] chunk #263 sent (rms=0.041)
[Audio] chunk #264 sent (rms=0.041)
[Audio] chunk #265 sent (rms=0.041)
[Audio] chunk #266 sent (rms=0.041)
[Audio] chunk #267 sent (rms=0.041)
[Audio] chunk #268 sent (rms=0.041)
[Audio] chunk #269 sent (rms=0.041)
[Audio] chunk #270 sent (rms=0.041)
[Audio] chunk #271 sent (rms=0.041)
[Audio] chunk #272 sent (rms=0.041)
[Audio] chunk #273 sent (rms=0.041)
[Audio] chunk #274 sent (rms=0.041)
[Audio] chunk #275 stats: peak=1478 rms=0.0408 first=1345 samples=4096
[Audio] chunk #275 sent (rms=0.041)
[Audio] chunk #276 sent (rms=0.041)
[Audio] chunk #277 sent (rms=0.041)
[Audio] chunk #278 sent (rms=0.041)
[Audio] chunk #279 sent (rms=0.041)
[Audio] chunk #280 sent (rms=0.041)
[Audio] chunk #281 sent (rms=0.041)
[Audio] chunk #282 sent (rms=0.041)
[Audio] chunk #283 sent (rms=0.041)
[Audio] chunk #284 sent (rms=0.041)
[Audio] chunk #285 sent (rms=0.041)
[Audio] chunk #286 sent (rms=0.041)
[Audio] chunk #287 sent (rms=0.041)
[Audio] chunk #288 sent (rms=0.041)
[Audio] chunk #289 sent (rms=0.041)
[Audio] chunk #290 sent (rms=0.041)
[Audio] chunk #291 sent (rms=0.041)
[Camera] Captured photo (4327 bytes)
[Photo] Captured 5772 bytes
[PhotoUpload] WS send failed
[PhotoUpload] WS send failed — dropping frame (no fallback)
[PhotoUpload] send result: FAILED (5772 chars)
[Audio] chunk #292 sent (rms=0.041)
[Audio] chunk #293 sent (rms=0.041)
[Audio] chunk #294 sent (rms=0.041)
[Audio] chunk #295 sent (rms=0.041)
[Audio] chunk #296 sent (rms=0.041)
[Audio] chunk #297 sent (rms=0.041)
[Audio] chunk #298 sent (rms=0.041)
[Audio] chunk #299 sent (rms=0.041)
[Audio] chunk #300 stats: peak=1444 rms=0.0407 first=1381 samples=4096
[Audio] chunk #300 sent (rms=0.041)
[Audio] chunk #301 sent (rms=0.041)
[Audio] chunk #302 sent (rms=0.041)
[Audio] chunk #303 sent (rms=0.041)
[Audio] chunk #304 sent (rms=0.041)
[Audio] chunk #305 sent (rms=0.041)
[Audio] chunk #306 sent (rms=0.041)
[Audio] chunk #307 sent (rms=0.041)
[Audio] chunk #308 sent (rms=0.041)
[Audio] chunk #309 sent (rms=0.041)
[Audio] chunk #310 sent (rms=0.041)
[Audio] chunk #311 sent (rms=0.041)
[Audio] chunk #312 sent (rms=0.041)
[Audio] chunk #313 sent (rms=0.041)
[Audio] chunk #314 sent (rms=0.041)
[Audio] chunk #315 sent (rms=0.041)
[Audio] chunk #316 sent (rms=0.041)
[Audio] chunk #317 sent (rms=0.041)
[Audio] chunk #318 sent (rms=0.041)
[Audio] chunk #319 sent (rms=0.041)
[Audio] chunk #320 sent (rms=0.041)
[Audio] chunk #321 sent (rms=0.041)
[Audio] chunk #322 sent (rms=0.041)
[Audio] chunk #323 sent (rms=0.041)
[Audio] chunk #324 sent (rms=0.041)
[Audio] chunk #325 stats: peak=1492 rms=0.0407 first=1244 samples=4096
[Audio] chunk #325 sent (rms=0.041)
[Audio] chunk #326 sent (rms=0.041)
[Audio] chunk #327 sent (rms=0.041)
[Audio] chunk #328 sent (rms=0.041)
[Audio] chunk #329 sent (rms=0.041)
[Audio] chunk #330 sent (rms=0.041)
[Audio] chunk #331 sent (rms=0.041)
[Audio] chunk #332 FAILED (rms=0.041)
[Audio] chunk #333 sent (rms=0.041)
[Audio] chunk #334 sent (rms=0.041)
[Audio] chunk #335 sent (rms=0.041)
[Audio] chunk #336 sent (rms=0.041)
[Audio] chunk #337 sent (rms=0.041)

BYTES=14903
