 chunk
[Audio] Send queue full, dropping chunk

[Audio] Send queue full, dropping chunk
[Audio] Send queue full, dropping chunk
[Audio] Send queueESP-ROM:esp32s3-20210327
Build:Mar 27 2021
rst:0x15 (USB_UART_CHIP_RESET),boot:0xa (SPI_FAST_FLASH_BOOT)
Saved PC:0x4037a136
SPIWP:0xee
mode:DIO, clock div:1
load:0x3fce2820,len:0x116c
load:0x403c8700,len:0xc2c
load:0x403cb700,len:0x3108
entry 0x403c88b8

IdeasGlass Ngrok Client
Device ID: ideasglass-devkit-01
Chip MAC: 00:00:00:00:00:00
[WiFi] Connecting...
 -> SSID dd-wrt
.....
[WiFi] Connected (dd-wrt, RSSI -46)
IP: 192.168.1.130
[Camera] Ready (framesize=6 quality=12)
[Audio] PDM microphone ready
[Camera] Captured photo (5548 bytes)
[Photo] Captured 7400 bytes
[Audio] Send queue full, dropping chunk
[Audio] Send queue full, dropping chunk
[Audio] Send queue full, dropping chunk
[PhotoUpload] WS reconnect failed
[PhotoUpload] WS send failed — dropping frame (no fallback)
[PhotoUpload] send result: FAILED (7400 chars)
[Audio] Send queue full, dropping chunk
[Audio] Send queue full, dropping chunk
[Audio] Send queue full, dropping chunk

BYTES=1126
