/photo-ingest
[WS] Connect failed to ideas.lazying.art:443 for /ws/photo-ingest

[PhotoUESP-ROM:esp32s3-20210327
Build:Mar 27 2021
rst:0x15 (USB_UART_CHIP_RESET),boot:0xa (SPI_FAST_FLASH_BOOT)
Saved PC:0x4037a136
SPIWP:0xee
mode:DIO, clock div:1
load:0x3fce2820,len:0x116c
load:0x403c8700,len:0xc2c
load:0x403cb700,len:0x3108
entry 0x403c88b8

IdeasGlass Ngrok Client
Device ID: ideasglass-devkit-01
Chip MAC: 00:00:00:00:00:00
[WiFi] Connecting...
 -> SSID dd-wrt
....
[WiFi] Connected (dd-wrt, RSSI -43)
IP: 192.168.1.130
[Camera] Ready (framesize=6 quality=12)
[Audio] PDM microphone ready
[Camera] Captured photo (6142 bytes)
[Photo] Captured 8192 bytes
[WS] Connect failed to ideas.lazying.art:443 for /ws/photo-ingest
[WS] Connect failed to ideas.lazying.art:443 for /ws/photo-ingest
[PhotoUpload] WS reconnect failed
[PhotoUpload] WS send failed, falling back to HTTPS
[HTTP] Connecting to ideas.lazying.art:443 ...
[HTTP] Connection failed
[PhotoUpload] send result: FAILED (8192 chars)
[Camera] Captured photo (8059 bytes)
[Photo] Captured 10748 bytes
[WS] Connect failed to ideas.lazying.art:443 for /ws/photo-ingest
[WS] Connect failed to ideas.lazying.art:443 for /ws/photo-ingest
[PhotoUpload] WS reconnect failed
[PhotoUpload] WS send failed, falling back to HTTPS
[HTTP] Connecting to ideas.lazying.art:443 ...
[HTTP] Connection failed
[PhotoUpload] send result: FAILED (10748 chars)
[Camera] Captured photo (7991 bytes)
[Photo] Captured 10656 bytes
[WS] Connect failed to ideas.lazying.art:443 for /ws/photo-ingest
[WS] Connect failed to ideas.lazying.art:443 for /ws/photo-ingest
[PhotoUpload] WS reconnect failed
[PhotoUpload] WS send failed, falling back to HTTPS
[HTTP] Connecting to ideas.lazying.art:443 ...
[HTTP] Connection failed
[PhotoUpload] send result: FAILED (10656 chars)
[Camera] Captured photo (7991 bytes)
[Photo] Captured 10656 bytes
[WS] Connect failed to ideas.lazying.art:443 for /ws/photo-ingest
[WS] Connect failed to ideas.lazying.art:443 for /ws/photo-ingest
[PhotoUpload] WS reconnect failed
[PhotoUpload] WS send failed, falling back to HTTPS
[HTTP] Connecting to ideas.lazying.art:443 ...
[HTTP] Connection failed
[PhotoUpload] send result: FAILED (10656 chars)
[Camera] Captured photo (7991 bytes)
[Photo] Captured 10656 bytes
[WS] Connect failed to ideas.lazying.art:443 for /ws/photo-ingest
[WS] Connect failed to ideas.lazying.art:443 for /ws/photo-ingest
[PhotoUpload] WS reconnect failed
[PhotoUpload] WS send failed, falling back to HTTPS
[HTTP] Connecting to ideas.lazying.art:443 ...

BYTES=2566
