dio] chunk #2857 sent (rms=0.041)
[Audio] chunk #2858 sent (rms=0.041)
[Audio] chunk #2859 sent (rms=0.041)
[Audio] chunk #2860 ESP-ROM:esp32s3-20210327
Build:Mar 27 2021
rst:0x15 (USB_UART_CHIP_RESET),boot:0xa (SPI_FAST_FLASH_BOOT)
Saved PC:0x420b289d
SPIWP:0xee
mode:DIO, clock div:1
load:0x3fce2820,len:0x116c
load:0x403c8700,len:0xc2c
load:0x403cb700,len:0x3108
entry 0x403c88b8

IdeasGlass Ngrok Client
Device ID: ideasglass-devkit-01
Chip MAC: 00:00:00:00:00:00
[WiFi] Connecting...
 -> SSID dd-wrt
....
[WiFi] Connected (dd-wrt, RSSI -43)
IP: 192.168.1.130
[Camera] Ready (framesize=6 quality=12)
[Audio] PDM microphone ready
[Audio] chunk #0 stats: peak=3314 rms=0.0284 first=0 samples=4096
[Camera] Captured photo (2350 bytes)
[Photo] Captured 3136 bytes
[Audio] chunk #1 stats: peak=1867 rms=0.0523 first=1476 samples=4096
[Audio] chunk #2 stats: peak=1899 rms=0.0545 first=1790 samples=4096
[Audio] chunk #3 stats: peak=1901 rms=0.0539 first=1825 samples=4096
[Audio] chunk #0 FAILED (rms=0.028)
[PhotoUpload] WS send failed
[PhotoUpload] WS send failed — dropping frame (no fallback)
[PhotoUpload] send result: FAILED (3136 chars)
[Audio] Send queue full, dropping chunk
[Audio] Send queue full, dropping chunk
[Audio] Send queue full, dropping chunk
[Audio] chunk #1 sent (rms=0.052)
[Audio] chunk #2 sent (rms=0.054)
[Audio] chunk #3 sent (rms=0.054)
[Audio] chunk #4 sent (rms=0.053)
[Audio] chunk #5 sent (rms=0.052)
[Audio] chunk #6 sent (rms=0.050)
[Audio] chunk #7 sent (rms=0.047)
[Audio] chunk #11 sent (rms=0.041)
[Audio] chunk #12 sent (rms=0.041)
[Audio] chunk #13 sent (rms=0.041)
[Audio] chunk #14 sent (rms=0.041)
[Audio] chunk #15 sent (rms=0.041)
[Audio] chunk #16 sent (rms=0.041)
[Audio] chunk #17 sent (rms=0.041)
[Audio] chunk #18 sent (rms=0.041)
[Audio] chunk #19 sent (rms=0.041)
[Audio] chunk #20 sent (rms=0.041)
[Audio] chunk #21 sent (rms=0.041)
[Audio] chunk #22 sent (rms=0.041)
[Audio] chunk #23 sent (rms=0.041)
[Audio] chunk #24 sent (rms=0.041)
[Audio] chunk #25 stats: peak=1480 rms=0.0407 first=1336 samples=4096
[Audio] chunk #25 sent (rms=0.041)
[Audio] chunk #26 sent (rms=0.041)
[Audio] chunk #27 sent (rms=0.041)
[Audio] chunk #28 sent (rms=0.041)
[Audio] chunk #29 sent (rms=0.041)
[Audio] chunk #30 sent (rms=0.041)
[Audio] chunk #31 sent (rms=0.041)
[Audio] chunk #32 sent (rms=0.041)
[Audio] chunk #33 sent (rms=0.041)
[Audio] chunk #34 sent (rms=0.040)
[Audio] chunk #35 sent (rms=0.041)
[Audio] chunk #36 sent (rms=0.041)
[Audio] chunk #37 sent (rms=0.041)
[Audio] chunk #38 sent (rms=0.041)
[Audio] chunk #39 sent (rms=0.041)
[Audio] chunk #40 sent (rms=0.041)
[Audio] chunk #41 sent (rms=0.041)
[Audio] chunk #42 sent (rms=0.041)
[Audio] chunk #43 sent (rms=0.041)
[Audio] chunk #44 sent (rms=0.041)
[Audio] chunk #45 sent (rms=0.041)
[Audio] chunk #46 sent (rms=0.041)
[Audio] chunk #47 sent (rms=0.041)
[Audio] chunk #48 sent (rms=0.041)
[Audio] chunk #49 sent (rms=0.041)
[Audio] chunk #50 stats: peak=1455 rms=0.0406 first=1339 samples=4096
[Audio] chunk #50 sent (rms=0.041)
[Audio] chunk #51 sent (rms=0.041)
[Audio] chunk #52 sent (rms=0.041)
[Audio] chunk #53 sent (rms=0.040)
[Audio] chunk #54 sent (rms=0.041)
[Audio] chunk #55 sent (rms=0.041)
[Audio] chunk #56 sent (rms=0.041)
[Camera] Captured photo (3050 bytes)
[Photo] Captured 4068 bytes
[Audio] chunk #57 sent (rms=0.041)
[Audio] chunk #58 sent (rms=0.041)
[Audio] chunk #59 sent (rms=0.041)
[Audio] chunk #60 sent (rms=0.041)
[Audio] chunk #61 sent (rms=0.040)
[PhotoUpload] WS send failed
[PhotoUpload] WS send failed — dropping frame (no fallback)
[PhotoUpload] send result: FAILED (4068 chars)
[Audio] chunk #62 sent (rms=0.041)
[Audio] chunk #63 sent (rms=0.041)
[Audio] chunk #64 sent (rms=0.041)
[Audio] chunk #65 sent (rms=0.041)
[Audio] chunk #66 sent (rms=0.041)
[Audio] chunk #67 sent (rms=0.041)
[Audio] chunk #68 sent (rms=0.041)
[Audio] chunk #69 sent (rms=0.041)
[Audio] chunk #70 sent (rms=0.041)
[Audio] chunk #71 sent (rms=0.041)
[Audio] chunk #72 sent (rms=0.041)
[Audio] chunk #73 sent (rms=0.041)
[Audio] chunk #74 sent (rms=0.041)
[Audio] chunk #75 stats: peak=1467 rms=0.0407 first=1331 samples=4096
[Audio] chunk #75 sent (rms=0.041)
[Audio] chunk #76 sent (rms=0.041)
[Audio] chunk #77 sent (rms=0.041)
[Audio] chunk #78 sent (rms=0.041)
[Audio] chunk #79 sent (rms=0.041)
[Audio] chunk #80 sent (rms=0.041)
[Audio] chunk #81 sent (rms=0.041)
[Audio] chunk #82 sent (rms=0.040)
[Audio] chunk #83 sent (rms=0.041)
[Audio] chunk #84 sent (rms=0.041)
[Audio] chunk #85 sent (rms=0.041)
[Audio] chunk #86 sent (rms=0.041)
[Audio] chunk #87 sent (rms=0.041)
[Audio] chunk #88 sent (rms=0.041)
[Audio] chunk #89 sent (rms=0.041)
[Audio] chunk #90 sent (rms=0.041)
[Audio] chunk #91 sent (rms=0.041)
[Audio] chunk #92 sent (rms=0.041)
[Audio] chunk #93 sent (rms=0.041)
[Audio] chunk #94 sent (rms=0.041)
[Audio] chunk #95 sent (rms=0.041)
[Audio] chunk #96 sent (rms=0.041)
[Audio] chunk #97 sent (rms=0.041)
[Audio] chunk #98 sent (rms=0.041)
[Audio] chunk #99 sent (rms=0.041)
[Audio] chunk #100 stats: peak=1457 rms=0.0406 first=1358 samples=4096
[Audio] chunk #100 sent (rms=0.041)
[Audio] chunk #101 sent (rms=0.041)
[Audio] chunk #102 sent (rms=0.041)
[Audio] chunk #103 sent (rms=0.041)
[Audio] chunk #104 sent (rms=0.041)
[Audio] chunk #105 sent (rms=0.041)
[Audio] chunk #106 sent (rms=0.041)
[Audio] chunk #107 sent (rms=0.041)
[Audio] chunk #108 sent (rms=0.041)
[Audio] chunk #109 sent (rms=0.041)
[Audio] chunk #110 sent (rms=0.041)
[Audio] chunk #111 sent (rms=0.041)
[Audio] chunk #112 sent (rms=0.041)
[Audio] chunk #113 sent (rms=0.041)
[Audio] chunk #114 sent (rms=0.041)
[Audio] chunk #115 sent (rms=0.041)
[Camera] Captured photo (3056 bytes)
[Photo] Captured 4076 bytes
[Audio] chunk #116 sent (rms=0.041)
[Audio] chunk #117 sent (rms=0.041)
[Audio] chunk #118 sent (rms=0.041)
[Audio] chunk #119 sent (rms=0.041)
[Audio] chunk #120 sent (rms=0.041)
[PhotoUpload] WS send failed
[PhotoUpload] WS send failed — dropping frame (no fallback)
[PhotoUpload] send result: FAILED (4076 chars)
[Audio] chunk #121 sent (rms=0.041)
[Audio] chunk #122 sent (rms=0.041)
[Audio] chunk #123 sent (rms=0.041)
[Audio] chunk #124 sent (rms=0.041)
[Audio] chunk #125 stats: peak=1407 rms=0.0406 first=1353 samples=4096
[Audio] chunk #125 sent (rms=0.041)
[Audio] chunk #126 sent (rms=0.041)
[Audio] chunk #127 sent (rms=0.041)
[Audio] chunk #128 sent (rms=0.041)
[Audio] chunk #129 sent (rms=0.041)
[Audio] chunk #130 sent (rms=0.041)
[Audio] chunk #131 sent (rms=0.041)
[Audio] chunk #132 sent (rms=0.041)
[Audio] chunk #133 sent (rms=0.041)
[Audio] chunk #134 sent (rms=0.041)
[Audio] chunk #135 sent (rms=0.041)
[Audio] chunk #136 sent (rms=0.041)
[Audio] chunk #137 sent (rms=0.041)
[Audio] chunk #138 sent (rms=0.041)
[Audio] chunk #139 sent (rms=0.041)
[Audio] chunk #140 sent (rms=0.041)
[Audio] chunk #141 sent (rms=0.041)
[Audio] chunk #142 sent (rms=0.041)
[Audio] chunk #143 sent (rms=0.041)
[Audio] chunk #144 sent (rms=0.041)
[Audio] chunk #145 sent (rms=0.041)
[Audio] chunk #146 sent (rms=0.041)
[Audio] chunk #147 sent (rms=0.041)
[Audio] chunk #148 sent (rms=0.041)
[Audio] chunk #149 sent (rms=0.041)
[Audio] chunk #150 stats: peak=1429 rms=0.0406 first=1248 samples=4096
[Audio] chunk #150 sent (rms=0.041)
[Audio] chunk #151 sent (rms=0.041)
[Audio] chunk #152 sent (rms=0.041)
[Audio] chunk #153 sent (rms=0.041)
[Audio] chunk #154 sent (rms=0.041)
[Audio] chunk #155 sent (rms=0.041)
[Audio] chunk #156 sent (rms=0.041)
[Audio] chunk #157 sent (rms=0.041)
[Audio] chunk #158 sent (rms=0.041)
[Audio] chunk #159 sent (rms=0.041)
[Audio] chunk #160 sent (rms=0.041)
[Audio] chunk #161 sent (rms=0.041)
[Audio] chunk #162 sent (rms=0.041)
[Audio] chunk #163 sent (rms=0.041)
[Audio] chunk #164 sent (rms=0.041)
[Audio] chunk #165 FAILED (rms=0.041)
[Audio] chunk #166 sent (rms=0.041)
[Audio] chunk #167 sent (rms=0.041)
[Audio] chunk #168 sent (rms=0.041)
[Audio] chunk #169 sent (rms=0.041)
[Audio] chunk #170 sent (rms=0.041)
[Audio] chunk #171 sent (rms=0.041)
[Camera] Captured photo (3050 bytes)
[Photo] Captured 4068 bytes
[Audio] chunk #175 stats: peak=1448 rms=0.0406 first=1354 samples=4096
[Audio] chunk #172 sent (rms=0.041)
[Audio] chunk #173 sent (rms=0.041)
[Audio] chunk #174 sent (rms=0.041)
[Audio] chunk #175 sent (rms=0.041)
[Audio] chunk #176 sent (rms=0.041)
[Audio] chunk #177 sent (rms=0.041)
[Audio] chunk #178 sent (rms=0.041)
[Audio] chunk #179 sent (rms=0.041)
[PhotoUpload] WS send failed
[PhotoUpload] WS send failed — dropping frame (no fallback)
[PhotoUpload] send result: FAILED (4068 chars)
[Audio] chunk #180 sent (rms=0.041)
[Audio] chunk #181 sent (rms=0.041)
[Audio] chunk #182 sent (rms=0.041)
[Audio] chunk #183 sent (rms=0.041)
[Audio] chunk #184 sent (rms=0.041)
[Audio] chunk #185 sent (rms=0.041)
[Audio] chunk #186 sent (rms=0.041)
[Audio] chunk #187 sent (rms=0.041)
[Audio] chunk #188 sent (rms=0.041)
[Audio] chunk #189 sent (rms=0.041)
[Audio] chunk #190 sent (rms=0.041)
[Audio] chunk #191 sent (rms=0.041)
[Audio] chunk #192 sent (rms=0.041)
[Audio] chunk #193 sent (rms=0.041)
[Audio] chunk #194 sent (rms=0.041)
[Audio] chunk #195 sent (rms=0.041)
[Audio] chunk #196 sent (rms=0.041)
[Audio] chunk #197 sent (rms=0.041)
[Audio] chunk #198 sent (rms=0.041)
[Audio] chunk #199 sent (rms=0.041)
[Audio] chunk #200 stats: peak=1427 rms=0.0406 first=1293 samples=4096
[Audio] chunk #200 sent (rms=0.041)
[Audio] chunk #201 sent (rms=0.041)
[Audio] chunk #202 sent (rms=0.041)
[Audio] chunk #203 sent (rms=0.041)
[Audio] chunk #204 sent (rms=0.041)
[Audio] chunk #205 sent (rms=0.041)
[Audio] chunk #206 sent (rms=0.041)
[Audio] chunk #207 sent (rms=0.041)
[Audio] chunk #208 sent (rms=0.041)
[Audio] chunk #209 sent (rms=0.041)
[Audio] chunk #210 sent (rms=0.041)
[Audio] chunk #211 sent (rms=0.041)
[Audio] chunk #212 sent (rms=0.041)
[Audio] chunk #213 sent (rms=0.041)
[Audio] chunk #214 sent (rms=0.041)
[Audio] chunk #215 sent (rms=0.041)
[Audio] chunk #216 sent (rms=0.041)
[Audio] chunk #217 sent (rms=0.041)
[Audio] chunk #218 sent (rms=0.041)
[Audio] chunk #219 sent (rms=0.041)
[Audio] chunk #220 sent (rms=0.041)
[Audio] chunk #221 sent (rms=0.041)
[Audio] chunk #222 sent (rms=0.041)
[Audio] chunk #223 sent (rms=0.041)
[Audio] chunk #224 sent (rms=0.041)
[Audio] chunk #225 stats: peak=1438 rms=0.0406 first=1357 samples=4096
[Audio] chunk #225 sent (rms=0.041)
[Audio] chunk #226 sent (rms=0.041)
[Audio] chunk #227 sent (rms=0.041)
[Audio] chunk #228 sent (rms=0.041)
[Audio] chunk #229 sent (rms=0.041)
[Audio] chunk #230 sent (rms=0.041)
[Audio] chunk #231 sent (rms=0.041)
[Audio] chunk #232 sent (rms=0.041)
[Camera] Captured photo (3260 bytes)
[Photo] Captured 4348 bytes
[Audio] chunk #233 sent (rms=0.041)
[Audio] chunk #234 sent (rms=0.041)
[Audio] chunk #235 sent (rms=0.041)
[Audio] chunk #236 sent (rms=0.041)
[Audio] chunk #237 sent (rms=0.041)
[PhotoUpload] WS send failed
[PhotoUpload] WS send failed — dropping frame (no fallback)
[PhotoUpload] send result: FAILED (4348 chars)
[Audio] chunk #238 sent (rms=0.041)
[Audio] chunk #239 sent (rms=0.041)
[Audio] chunk #240 sent (rms=0.041)
[Audio] chunk #241 sent (rms=0.041)
[Audio] chunk #242 sent (rms=0.041)
[Audio] chunk #243 sent (rms=0.041)
[Audio] chunk #244 sent (rms=0.041)
[Audio] chunk #245 sent (rms=0.041)
[Audio] chunk #246 sent (rms=0.041)
[Audio] chunk #247 sent (rms=0.041)
[Audio] chunk #248 sent (rms=0.041)
[Audio] chunk #249 sent (rms=0.041)
[Audio] chunk #250 stats: peak=1446 rms=0.0407 first=1332 samples=4096
[Audio] chunk #250 sent (rms=0.041)
[Audio] chunk #251 sent (rms=0.041)
[Audio] chunk #252 sent (rms=0.041)
[Audio] chunk #253 sent (rms=0.041)
[Audio] chunk #254 sent (rms=0.041)
[Audio] chunk #255 sent (rms=0.041)
[Audio] chunk #256 sent (rms=0.041)
[Audio] chunk #257 sent (rms=0.041)
[Audio] chunk #258 sent (rms=0.041)
[Audio] chunk #259 sent (rms=0.041)
[Audio] chunk #260 sent (rms=0.041)
[Audio] chunk #261 sent (rms=0.041)
[Audio] chunk #262 sent (rms=0.041)
[Audio] chunk #263 sent (rms=0.041)
[Audio] chunk #264 sent (rms=0.041)
[Audio] chunk #265 sent (rms=0.041)
[Audio] chunk #266 sent (rms=0.041)
[Audio] chunk #267 sent (rms=0.041)
[Audio] chunk #268 sent (rms=0.041)
[Audio] chunk #269 sent (rms=0.041)
[Audio] chunk #270 sent (rms=0.041)
[Audio] chunk #271 sent (rms=0.041)
[Audio] chunk #272 sent (rms=0.041)
[Audio] chunk #273 sent (rms=0.041)
[Audio] chunk #274 sent (rms=0.041)
[Audio] chunk #275 stats: peak=1463 rms=0.0406 first=1333 samples=4096
[Audio] chunk #275 sent (rms=0.041)
[Audio] chunk #276 sent (rms=0.041)
[Audio] chunk #277 sent (rms=0.041)
[Audio] chunk #278 sent (rms=0.041)
[Audio] chunk #279 sent (rms=0.041)
[Audio] chunk #280 sent (rms=0.041)
[Audio] chunk #281 sent (rms=0.041)
[Audio] chunk #282 sent (rms=0.040)
[Audio] chunk #283 sent (rms=0.041)
[Audio] chunk #284 sent (rms=0.041)
[Audio] chunk #285 sent (rms=0.041)
[Audio] chunk #286 sent (rms=0.041)
[Audio] chunk #287 sent (rms=0.041)
[Camera] Captured photo (3260 bytes)
[Photo] Captured 4348 bytes
[Audio] chunk #288 sent (rms=0.040)
[Audio] chunk #289 sent (rms=0.041)
[Audio] chunk #290 sent (rms=0.041)
[Audio] chunk #291 sent (rms=0.041)
[Audio] chunk #292 sent (rms=0.041)
[Audio] chunk #293 sent (rms=0.041)
[Audio] chunk #294 sent (rms=0.041)
[PhotoUpload] WS send failed
[PhotoUpload] WS send failed — dropping frame (no fallback)
[PhotoUpload] send result: FAILED (4348 chars)
[Audio] chunk #295 sent (rms=0.041)
[Audio] chunk #296 sent (rms=0.041)
[Audio] chunk #297 sent (rms=0.041)
[Audio] chunk #298 sent (rms=0.041)
[Audio] chunk #299 sent (rms=0.041)
[Audio] chunk #300 stats: peak=1462 rms=0.0406 first=1313 samples=4096
[Audio] chunk #300 sent (rms=0.041)
[Audio] chunk #301 sent (rms=0.041)
[Audio] chunk #302 sent (rms=0.041)
[Audio] chunk #303 sent (rms=0.041)
[Audio] chunk #304 sent (rms=0.041)
[Audio] chunk #305 sent (rms=0.041)
[Audio] chunk #306 sent (rms=0.041)
[Audio] chunk #307 sent (rms=0.041)
[Audio] chunk #308 sent (rms=0.041)
[Audio] chunk #309 sent (rms=0.041)
[Audio] chunk #310 sent (rms=0.041)
[Audio] chunk #311 sent (rms=0.041)
[Audio] chunk #312 sent (rms=0.041)
[Audio] chunk #313 sent (rms=0.041)
[Audio] chunk #314 sent (rms=0.041)
[Audio] chunk #315 sent (rms=0.041)
[Audio] chunk #316 sent (rms=0.041)
[Audio] chunk #317 sent (rms=0.041)
[Audio] chunk #318 sent (rms=0.041)
[Audio] chunk #319 sent (rms=0.041)
[Audio] chunk #320 sent (rms=0.041)
[Audio] chunk #321 sent (rms=0.041)
[Audio] chunk #322 sent (rms=0.041)
[Audio] chunk #323 sent (rms=0.041)
[Audio] chunk #324 sent (rms=0.041)
[Audio] chunk #325 stats: peak=1443 rms=0.0406 first=1315 samples=4096
[Audio] chunk #325 sent (rms=0.041)
[Audio] chunk #326 FAILED (rms=0.041)
[Audio] chunk #327 sent (rms=0.041)
[Audio] chunk #328 sent (rms=0.041)
[Audio] chunk #329 sent (rms=0.041)
[Audio] chunk #330 sent (rms=0.041)
[Audio] chunk #331 sent (rms=0.041)
[Audio] chunk #332 sent (rms=0.041)
[Audio] chunk #333 sent (rms=0.041)
[Audio] chunk #334 sent (rms=0.041)
[Audio] chunk #335 sent (rms=0.041)
[Audio] chunk #336 sent (rms=0.041)
[Audio] chunk #337 sent (rms=0.041)
[Audio] chunk #338 sent (rms=0.041)
[Audio] chunk #339 sent (rms=0.041)
[Audio] chunk #340 sent (rms=0.041)
[Audio] chunk #341 sent (rms=0.041)
[Audio] chunk #342 sent (rms=0.041)
[Audio] chunk #343 sent (rms=0.041)
[Audio] chunk #344 sent (rms=0.041)
[Audio] chunk #345 sent (rms=0.041)
[Audio] chunk #346 sent (rms=0.041)
[Audio] chunk #347 sent (rms=0.041)
[Audio] chunk #348 sent (rms=0.041)
[Audio] chunk #349 sent (rms=0.041)
[Audio] chunk #350 stats: peak=1473 rms=0.0406 first=1332 samples=4096
[Audio] chunk #350 sent (rms=0.041)
[Camera] Captured photo (3328 bytes)
[Photo] Captured 4440 bytes
[Audio] chunk #351 sent (rms=0.041)
[Audio] chunk #352 sent (rms=0.041)
[Audio] chunk #353 sent (rms=0.041)
[Audio] chunk #354 sent (rms=0.041)
[PhotoUpload] WS send failed
[PhotoUpload] WS send failed — dropping frame (no fallback)
[PhotoUpload] send result: FAILED (4440 chars)
[Audio] chunk #355 sent (rms=0.041)
[Audio] chunk #356 sent (rms=0.041)
[Audio] chunk #357 sent (rms=0.041)
[Audio] chunk #358 sent (rms=0.041)
[Audio] chunk #359 sent (rms=0.041)
[Audio] chunk #360 sent (rms=0.041)
[Audio] chunk #361 sent (rms=0.041)
[Audio] chunk #362 sent (rms=0.041)
[Audio] chunk #363 sent (rms=0.041)
[Audio] chunk #364 sent (rms=0.041)
[Audio] chunk #365 sent (rms=0.041)
[Audio] chunk #366 sent (rms=0.041)
[Audio] chunk #367 sent (rms=0.041)
[Audio] chunk #368 sent (rms=0.041)
[Audio] chunk #369 sent (rms=0.041)
[Audio] chunk #370 sent (rms=0.041)
[Audio] chunk #371 sent (rms=0.041)
[Audio] chunk #372 sent (rms=0.041)
[Audio] chunk #373 sent (rms=0.041)
[Audio] chunk #374 sent (rms=0.041)
[Audio] chunk #375 stats: peak=1458 rms=0.0406 first=1296 samples=4096
[Audio] chunk #375 sent (rms=0.041)
[Audio] chunk #376 sent (rms=0.041)
[Audio] chunk #377 sent (rms=0.041)
[Audio] chunk #378 sent (rms=0.041)
[Audio] chunk #379 sent (rms=0.041)
[Audio] chunk #380 sent (rms=0.041)
[Audio] chunk #381 sent (rms=0.041)
[Audio] chunk #382 sent (rms=0.041)
[Audio] chunk #383 sent (rms=0.041)
[Audio] chunk #384 sent (rms=0.041)
[Audio] chunk #385 sent (rms=0.041)
[Audio] chunk #386 sent (rms=0.041)
[Audio] chunk #387 sent (rms=0.041)
[Audio] chunk #388 sent (rms=0.041)
[Audio] chunk #389 sent (rms=0.041)
[Audio] chunk #390 sent (rms=0.041)
[Audio] chunk #391 sent (rms=0.041)
[Audio] chunk #392 sent (rms=0.041)
[Audio] chunk #393 sent (rms=0.041)
[Audio] chunk #394 sent (rms=0.041)
[Audio] chunk #395 sent (rms=0.041)
[Audio] chunk #396 sent (rms=0.041)
[Audio] chunk #397 sent (rms=0.041)
[Audio] chunk #398 sent (rms=0.041)
[Audio] chunk #399 sent (rms=0.041)
[Audio] chunk #400 stats: peak=1460 rms=0.0406 first=1356 samples=4096
[Audio] chunk #400 sent (rms=0.041)
[Audio] chunk #401 sent (rms=0.041)
[Audio] chunk #402 sent (rms=0.041)
[Audio] chunk #403 sent (rms=0.041)
[Audio] chunk #404 sent (rms=0.041)
[Audio] chunk #405 sent (rms=0.041)
[Audio] chunk #406 sent (rms=0.041)
[Audio] chunk #407 sent (rms=0.041)
[Audio] chunk #408 sent (rms=0.041)
[Camera] Captured photo (3328 bytes)
[Photo] Captured 4440 bytes
[Audio] chunk #409 sent (rms=0.041)
[PhotoUpload] send result: OK (4440 chars)
[Audio] chunk #410 sent (rms=0.041)
[Audio] chunk #411 sent (rms=0.041)
[Audio] chunk #412 sent (rms=0.041)
[Audio] chunk #413 sent (rms=0.041)
[Audio] chunk #414 sent (rms=0.040)
[Audio] chunk #415 sent (rms=0.041)
[Audio] chunk #416 sent (rms=0.041)
[Audio] chunk #417 sent (rms=0.041)
[Audio] chunk #418 sent (rms=0.041)
[Audio] chunk #419 sent (rms=0.041)
[Audio] chunk #420 sent (rms=0.041)
[Audio] chunk #421 sent (rms=0.041)
[Audio] chunk #425 stats: peak=1469 rms=0.0407 first=1421 samples=4096
[Audio] chunk #422 sent (rms=0.041)
[Audio] chunk #423 sent (rms=0.041)
[Audio] chunk #424 sent (rms=0.041)
[Audio] chunk #425 sent (rms=0.041)
[Audio] chunk #426 sent (rms=0.041)
[Audio] chunk #427 sent (rms=0.041)
[Audio] chunk #428 sent (rms=0.041)
[Audio] chunk #429 sent (rms=0.041)
[Audio] chunk #430 sent (rms=0.041)
[Audio] chunk #431 sent (rms=0.041)
[Audio] chunk #432 sent (rms=0.041)
[Audio] chunk #433 sent (rms=0.041)
[Audio] chunk #434 sent (rms=0.041)
[Audio] chunk #435 sent (rms=0.041)
[Audio] chunk #436 sent (rms=0.041)
[Audio] chunk #437 sent (rms=0.041)
[Audio] chunk #438 sent (rms=0.041)
[Audio] chunk #439 sent (rms=0.041)
[Audio] chunk #440 sent (rms=0.041)
[Audio] chunk #441 sent (rms=0.041)
[Audio] chunk #442 sent (rms=0.041)
[Audio] chunk #443 sent (rms=0.041)
[Audio] chunk #444 sent (rms=0.041)
[Audio] chunk #445 sent (rms=0.041)
[Audio] chunk #446 sent (rms=0.041)
[Audio] chunk #447 sent (rms=0.041)
[Audio] chunk #448 sent (rms=0.041)
[Audio] chunk #449 sent (rms=0.041)
[Audio] chunk #450 stats: peak=1460 rms=0.0406 first=1358 samples=4096
[Audio] chunk #450 sent (rms=0.041)
[Audio] chunk #451 sent (rms=0.041)
[Audio] chunk #452 sent (rms=0.041)
[Audio] chunk #453 sent (rms=0.041)
[Audio] chunk #454 sent (rms=0.041)
[Audio] chunk #455 sent (rms=0.041)
[Audio] chunk #456 sent (rms=0.041)
[Audio] chunk #457 sent (rms=0.041)
[Audio] chunk #458 sent (rms=0.041)
[Audio] chunk #459 sent (rms=0.041)
[Audio] chunk #460 sent (rms=0.041)
[Audio] chunk #461 sent (rms=0.041)
[Audio] chunk #462 sent (rms=0.041)
[Audio] chunk #463 sent (rms=0.041)
[Audio] chunk #464 sent (rms=0.041)
[Audio] chunk #465 sent (rms=0.041)
[Audio] chunk #466 sent (rms=0.041)
[Audio] chunk #467 sent (rms=0.041)
[Camera] Captured photo (3328 bytes)
[Photo] Captured 4440 bytes
[PhotoUpload] send result: OK (4440 chars)
[Audio] chunk #468 sent (rms=0.041)
[Audio] chunk #469 sent (rms=0.041)
[Audio] chunk #470 sent (rms=0.041)
[Audio] chunk #471 sent (rms=0.041)
[Audio] chunk #472 sent (rms=0.041)
[Audio] chunk #473 sent (rms=0.041)
[Audio] chunk #475 stats: peak=1461 rms=0.0406 first=1378 samples=4096
[Audio] chunk #474 sent (rms=0.041)
[Audio] chunk #475 sent (rms=0.041)
[Audio] chunk #476 sent (rms=0.041)
[Audio] chunk #477 sent (rms=0.041)
[Audio] chunk #478 sent (rms=0.041)
[Audio] chunk #479 sent (rms=0.041)
[Audio] chunk #480 sent (rms=0.041)
[Audio] chunk #481 sent (rms=0.041)
[Audio] chunk #482 sent (rms=0.041)
[Audio] chunk #483 sent (rms=0.041)
[Audio] chunk #484 sent (rms=0.041)
[Audio] chunk #485 sent (rms=0.041)
[Audio] chunk #486 sent (rms=0.041)
[Audio] chunk #487 sent (rms=0.041)
[Audio] chunk #488 FAILED (rms=0.041)
[Audio] chunk #489 sent (rms=0.041)
[Audio] chunk #490 sent (rms=0.040)
[Audio] chunk #491 sent (rms=0.041)
[Audio] chunk #492 sent (rms=0.041)
[Audio] chunk #493 sent (rms=0.041)
[Audio] chunk #494 sent (rms=0.041)
[Audio] chunk #495 sent (rms=0.041)
[Audio] chunk #496 sent (rms=0.041)
[Audio] chunk #497 sent (rms=0.041)
[Audio] chunk #500 stats: peak=1443 rms=0.0407 first=1325 samples=4096
[Audio] chunk #498 sent (rms=0.041)
[Audio] chunk #499 sent (rms=0.041)
[Audio] chunk #500 sent (rms=0.041)
[Audio] chunk #501 sent (rms=0.041)
[Audio] chunk #502 sent (rms=0.041)
[Audio] chunk #503 sent (rms=0.041)
[Audio] chunk #504 sent (rms=0.041)
[Audio] chunk #505 sent (rms=0.041)
[Audio] chunk #506 sent (rms=0.041)
[Audio] chunk #507 sent (rms=0.041)
[Audio] chunk #508 sent (rms=0.041)
[Audio] chunk #509 sent (rms=0.041)
[Audio] chunk #510 sent (rms=0.041)
[Audio] chunk #511 sent (rms=0.041)
[Audio] chunk #512 sent (rms=0.041)
[Audio] chunk #513 sent (rms=0.041)
[Audio] chunk #514 sent (rms=0.041)
[Audio] chunk #515 sent (rms=0.041)
[Audio] chunk #516 sent (rms=0.041)
[Audio] chunk #517 sent (rms=0.041)
[Audio] chunk #518 sent (rms=0.041)
[Audio] chunk #519 sent (rms=0.041)
[Audio] chunk #520 sent (rms=0.041)
[Audio] chunk #521 sent (rms=0.041)
[Audio] chunk #522 sent (rms=0.041)
[Audio] chunk #523 sent (rms=0.041)
[Audio] chunk #524 sent (rms=0.041)
[Audio] chunk #525 stats: peak=1467 rms=0.0406 first=1338 samples=4096
[Audio] chunk #525 sent (rms=0.041)
[Camera] Captured photo (3253 bytes)
[Photo] Captured 4340 bytes
[PhotoUpload] send result: OK (4340 chars)
[Audio] chunk #526 sent (rms=0.041)
[Audio] chunk #527 sent (rms=0.041)
[Audio] chunk #528 sent (rms=0.041)
[Audio] chunk #529 sent (rms=0.041)
[Audio] chunk #530 sent (rms=0.041)
[Audio] chunk #531 sent (rms=0.041)
[Audio] chunk #532 sent (rms=0.041)
[Audio] chunk #533 sent (rms=0.041)
[Audio] chunk #534 sent (rms=0.041)
[Audio] chunk #535 sent (rms=0.040)
[Audio] chunk #536 sent (rms=0.041)
[Audio] chunk #537 sent (rms=0.041)
[Audio] chunk #538 sent (rms=0.041)
[Audio] chunk #539 sent (rms=0.041)
[Audio] chunk #540 sent (rms=0.041)
[Audio] chunk #541 sent (rms=0.041)
[Audio] chunk #542 sent (rms=0.041)
[Audio] chunk #543 sent (rms=0.041)
[Audio] chunk #544 sent (rms=0.041)
[Audio] chunk #545 sent (rms=0.041)
[Audio] chunk #546 sent (rms=0.041)
[Audio] chunk #547 sent (rms=0.041)
[Audio] chunk #548 sent (rms=0.041)
[Audio] chunk #549 sent (rms=0.041)
[Audio] chunk #550 stats: peak=1442 rms=0.0407 first=1325 samples=4096
[Audio] chunk #550 sent (rms=0.041)
[Audio] chunk #551 sent (rms=0.041)
[Audio] chunk #552 sent (rms=0.041)
[Audio] chunk #553 sent (rms=0.041)
[Audio] chunk #554 sent (rms=0.041)
[Audio] chunk #555 sent (rms=0.041)
[Audio] chunk #556 sent (rms=0.041)
[Audio] chunk #557 sent (rms=0.041)
[Audio] chunk #558 sent (rms=0.041)
[Audio] chunk #559 sent (rms=0.041)
[Audio] chunk #560 sent (rms=0.041)
[Audio] chunk #561 sent (rms=0.041)
[Audio] chunk #562 sent (rms=0.040)
[Audio] chunk #563 sent (rms=0.041)
[Audio] chunk #564 sent (rms=0.041)
[Audio] chunk #565 sent (rms=0.041)
[Audio] chunk #566 sent (rms=0.041)
[Audio] chunk #567 sent (rms=0.041)
[Audio] chunk #568 sent (rms=0.041)
[Audio] chunk #569 sent (rms=0.041)
[Audio] chunk #570 sent (rms=0.041)
[Audio] chunk #571 sent (rms=0.041)
[Audio] chunk #572 sent (rms=0.041)
[Audio] chunk #573 sent (rms=0.041)
[Audio] chunk #574 sent (rms=0.041)
[Audio] chunk #575 stats: peak=1452 rms=0.0406 first=1313 samples=4096
[Audio] chunk #575 sent (rms=0.041)
[Audio] chunk #576 sent (rms=0.041)
[Audio] chunk #577 sent (rms=0.041)
[Audio] chunk #578 sent (rms=0.041)
[Audio] chunk #579 sent (rms=0.041)
[Audio] chunk #580 sent (rms=0.041)
[Audio] chunk #581 sent (rms=0.041)
[Audio] chunk #582 sent (rms=0.041)
[Audio] chunk #583 sent (rms=0.041)
[Audio] chunk #584 sent (rms=0.041)
[Camera] Captured photo (3253 bytes)
[Photo] Captured 4340 bytes
[PhotoUpload] WS send failed
[PhotoUpload] WS send failed — dropping frame (no fallback)
[PhotoUpload] send result: FAILED (4340 chars)
[Audio] chunk #585 sent (rms=0.041)
[Audio] chunk #586 sent (rms=0.041)
[Audio] chunk #587 sent (rms=0.041)
[Audio] chunk #588 sent (rms=0.041)
[Audio] chunk #589 sent (rms=0.041)
[Audio] chunk #590 sent (rms=0.041)
[Audio] chunk #591 sent (rms=0.041)
[Audio] chunk #592 sent (rms=0.041)
[Audio] chunk #593 sent (rms=0.041)
[Audio] chunk #594 sent (rms=0.041)
[Audio] chunk #595 sent (rms=0.041)
[Audio] chunk #596 sent (rms=0.041)
[Audio] chunk #597 sent (rms=0.041)
[Audio] chunk #598 sent (rms=0.041)
[Audio] chunk #599 sent (rms=0.041)
[Audio] chunk #600 stats: peak=1449 rms=0.0408 first=1419 samples=4096
[Audio] chunk #600 sent (rms=0.041)
[Audio] chunk #601 sent (rms=0.041)
[Audio] chunk #602 sent (rms=0.041)
[Audio] chunk #603 sent (rms=0.041)
[Audio] chunk #604 sent (rms=0.041)
[Audio] chunk #605 sent (rms=0.041)
[Audio] chunk #606 sent (rms=0.041)
[Audio] chunk #607 sent (rms=0.041)
[Audio] chunk #608 sent (rms=0.041)
[Audio] chunk #609 sent (rms=0.041)
[Audio] chunk #610 sent (rms=0.041)
[Audio] chunk #611 sent (rms=0.040)
[Audio] chunk #612 sent (rms=0.041)
[Audio] chunk #613 sent (rms=0.041)
[Audio] chunk #614 sent (rms=0.041)
[Audio] chunk #615 sent (rms=0.041)
[Audio] chunk #616 sent (rms=0.041)
[Audio] chunk #617 sent (rms=0.041)
[Audio] chunk #618 sent (rms=0.041)
[Audio] chunk #619 sent (rms=0.041)
[Audio] chunk #620 sent (rms=0.041)
[Audio] chunk #621 sent (rms=0.041)
[Audio] chunk #622 sent (rms=0.041)
[Audio] chunk #623 sent (rms=0.041)
[Audio] chunk #624 sent (rms=0.041)
[Audio] chunk #625 stats: peak=1439 rms=0.0406 first=1374 samples=4096
[Audio] chunk #625 sent (rms=0.041)
[Audio] chunk #626 sent (rms=0.041)
[Audio] chunk #627 sent (rms=0.041)
[Audio] chunk #628 sent (rms=0.041)
[Audio] chunk #629 sent (rms=0.041)
[Audio] chunk #630 sent (rms=0.041)
[Audio] chunk #631 sent (rms=0.041)
[Audio] chunk #632 sent (rms=0.041)
[Audio] chunk #633 sent (rms=0.041)
[Audio] chunk #634 sent (rms=0.041)
[Audio] chunk #635 sent (rms=0.041)
[Audio] chunk #636 sent (rms=0.041)
[Audio] chunk #637 sent (rms=0.041)
[Audio] chunk #638 sent (rms=0.041)
[Audio] chunk #639 sent (rms=0.041)
[Audio] chunk #640 sent (rms=0.041)
[Audio] chunk #641 sent (rms=0.041)
[Audio] chunk #642 sent (rms=0.041)
[Camera] Captured photo (3253 bytes)
[Photo] Captured 4340 bytes
[Audio] chunk #643 sent (rms=0.041)
[Audio] chunk #644 sent (rms=0.041)
[Audio] chunk #645 sent (rms=0.041)
[Audio] chunk #646 sent (rms=0.041)
[Audio] chunk #647 sent (rms=0.041)
[Audio] chunk #648 sent (rms=0.041)
[Audio] chunk #649 FAILED (rms=0.041)
[PhotoUpload] WS send failed
[PhotoUpload] WS send failed — dropping frame (no fallback)
[PhotoUpload] send result: FAILED (4340 chars)
[Audio] chunk #650 stats: peak=1486 rms=0.0406 first=1308 samples=4096
[Audio] chunk #650 sent (rms=0.041)
[Audio] chunk #651 sent (rms=0.041)
[Audio] chunk #652 sent (rms=0.041)
[Audio] chunk #653 sent (rms=0.041)
[Audio] chunk #654 sent (rms=0.041)
[Audio] chunk #655 sent (rms=0.041)
[Audio] chunk #656 sent (rms=0.041)
[Audio] chunk #657 sent (rms=0.041)
[Audio] chunk #658 sent (rms=0.041)
[Audio] chunk #659 sent (rms=0.041)
[Audio] chunk #660 sent (rms=0.041)
[Audio] chunk #661 sent (rms=0.041)
[Audio] chunk #662 sent (rms=0.041)
[Audio] chunk #663 sent (rms=0.041)
[Audio] chunk #664 sent (rms=0.041)
[Audio] chunk #665 sent (rms=0.041)
[Audio] chunk #666 sent (rms=0.041)
[Audio] chunk #667 sent (rms=0.041)
[Audio] chunk #668 sent (rms=0.041)
[Audio] chunk #669 sent (rms=0.041)
[Audio] chunk #670 sent (rms=0.041)
[Audio] chunk #671 sent (rms=0.041)
[Audio] chunk #672 sent (rms=0.041)
[Audio] chunk #673 sent (rms=0.041)
[Audio] chunk #674 sent (rms=0.041)
[Audio] chunk #675 stats: peak=1497 rms=0.0405 first=1354 samples=4096
[Audio] chunk #675 sent (rms=0.041)
[Audio] chunk #676 sent (rms=0.041)
[Audio] chunk #677 sent (rms=0.041)
[Audio] chunk #678 sent (rms=0.041)
[Audio] chunk #679 sent (rms=0.041)
[Audio] chunk #680 sent (rms=0.041)
[Audio] chunk #681 sent (rms=0.041)
[Audio] chunk #682 sent (rms=0.041)
[Audio] chunk #683 sent (rms=0.041)
[Audio] chunk #684 sent (rms=0.041)
[Audio] chunk #685 sent (rms=0.041)
[Audio] chunk #686 sent (rms=0.041)
[Audio] chunk #687 sent (rms=0.041)
[Audio] chunk #688 sent (rms=0.041)
[Audio] chunk #689 sent (rms=0.041)
[Audio] chunk #690 sent (rms=0.041)
[Audio] chunk #691 sent (rms=0.041)
[Audio] chunk #692 sent (rms=0.041)
[Audio] chunk #693 sent (rms=0.041)
[Audio] chunk #694 sent (rms=0.041)
[Audio] chunk #695 sent (rms=0.041)
[Audio] chunk #696 sent (rms=0.041)
[Audio] chunk #697 sent (rms=0.041)
[Audio] chunk #698 sent (rms=0.041)
[Audio] chunk #699 sent (rms=0.041)
[Audio] chunk #700 stats: peak=1466 rms=0.0407 first=1343 samples=4096
[Audio] chunk #700 sent (rms=0.041)
[Audio] chunk #701 sent (rms=0.041)
[Camera] Captured photo (3286 bytes)
[Photo] Captured 4384 bytes
[Audio] chunk #702 sent (rms=0.041)
[Audio] chunk #703 sent (rms=0.041)
[Audio] chunk #704 sent (rms=0.041)
[Audio] chunk #705 sent (rms=0.041)
[PhotoUpload] WS send failed
[PhotoUpload] WS send failed — dropping frame (no fallback)
[PhotoUpload] send result: FAILED (4384 chars)
[Audio] chunk #706 sent (rms=0.041)
[Audio] chunk #707 sent (rms=0.041)
[Audio] chunk #708 sent (rms=0.041)
[Audio] chunk #709 sent (rms=0.041)
[Audio] chunk #710 sent (rms=0.041)
[Audio] chunk #711 sent (rms=0.041)
[Audio] chunk #712 sent (rms=0.041)

BYTES=30866
